------------------------------------
-------------- BEGIN ---------------
------------------------------------
lucky 13.09.2025 14:15:15 MSK
--------------- DATA ---------------
array (
  'campaign_hash' => '73cae367-7f92-4178-860d-48bb68710fb2',
  'ip' => '194.213.16.57',
  'name' => 'Расулова Мавжуда',
  'phone' => '+998915358836',
  'user_agent' => 'Mozilla/5.0 (Linux; Android 12; SM-A125F Build/SP1A.210812.016; wv) AppleWebKit/537.36 (KHTML, like Gecko) Version/4.0 Chrome/139.0.7258.160 Mobile Safari/537.36 Instagram 397.0.0.46.81 Android (31/12; 300dpi; 720x1465; samsung; SM-A125F; a12; mt6765; ru_RU; 788987618; IABMV/1)',
  'country' => 'UZ',
  'subid' => '3ndv9mp.12.2h93',
  'subid1' => '{sub1}',
  'subid2' => 'FNA',
  'subid3' => NULL,
  'utm_source' => NULL,
  'utm_content' => NULL,
  'utm_campaign' => NULL,
  'utm_term' => NULL,
  'utm_medium' => NULL,
)
------------- HTTPCODE -------------
200
------------- RESPONSE -------------
{"response":{"status":"error","code":400,"message":"lead_double: The order is already in progress"}}
--------------- END ----------------

------------------------------------
-------------- BEGIN ---------------
------------------------------------
lucky 13.09.2025 14:15:38 MSK
--------------- DATA ---------------
array (
  'campaign_hash' => '73cae367-7f92-4178-860d-48bb68710fb2',
  'ip' => '194.213.16.57',
  'name' => 'Расулова Мавжуда',
  'phone' => '+998915358836',
  'user_agent' => 'Mozilla/5.0 (Linux; Android 12; SM-A125F Build/SP1A.210812.016; wv) AppleWebKit/537.36 (KHTML, like Gecko) Version/4.0 Chrome/139.0.7258.160 Mobile Safari/537.36 Instagram 397.0.0.46.81 Android (31/12; 300dpi; 720x1465; samsung; SM-A125F; a12; mt6765; ru_RU; 788987618; IABMV/1)',
  'country' => 'UZ',
  'subid' => '3ndv9mp.12.2h97',
  'subid1' => '{sub1}',
  'subid2' => 'FNA',
  'subid3' => NULL,
  'utm_source' => NULL,
  'utm_content' => NULL,
  'utm_campaign' => NULL,
  'utm_term' => NULL,
  'utm_medium' => NULL,
)
------------- HTTPCODE -------------
200
------------- RESPONSE -------------
{"response":{"status":"error","code":400,"message":"lead_double: The order is already in progress"}}
--------------- END ----------------

