------------------------------------
-------------- BEGIN ---------------
------------------------------------
lucky 11.09.2025 04:15:11 MSK
--------------- DATA ---------------
array (
  'campaign_hash' => '73cae367-7f92-4178-860d-48bb68710fb2',
  'ip' => '188.113.242.192',
  'name' => 'Умида',
  'phone' => '+998946113399',
  'user_agent' => 'Mozilla/5.0 (Linux; Android 15; SM-A356E Build/AP3A.240905.015.A2; wv) AppleWebKit/537.36 (KHTML, like Gecko) Version/4.0 Chrome/139.0.7258.158 Mobile Safari/537.36 Instagram 396.0.0.46.242 Android (35/15; 450dpi; 1080x2340; samsung; SM-A356E; a35x; s5e8835; ru_RU; 785863896; IABMV/1)',
  'country' => 'UZ',
  'subid' => 'gilps3.12.ubf',
  'subid1' => '{sub1}',
  'subid2' => 'FNA',
  'subid3' => NULL,
  'utm_source' => NULL,
  'utm_content' => NULL,
  'utm_campaign' => NULL,
  'utm_term' => NULL,
  'utm_medium' => NULL,
)
------------- HTTPCODE -------------
0
------------- RESPONSE -------------

--------------- END ----------------

