------------------------------------
-------------- BEGIN ---------------
------------------------------------
lucky 03.09.2025 02:13:21 MSK
--------------- DATA ---------------
array (
  'campaign_hash' => '73cae367-7f92-4178-860d-48bb68710fb2',
  'ip' => '109.198.123.218',
  'name' => 'testSophia',
  'phone' => '+998733481012',
  'user_agent' => 'Mozilla/5.0 (Windows NT 10.0; Win64; x64) AppleWebKit/537.36 (KHTML, like Gecko) Chrome/135.0.0.0 Safari/537.36 OPR/120.0.0.0',
  'country' => 'UZ',
  'subid' => '167j36t.1.1ue',
  'subid1' => '{sub1}',
  'subid2' => 'TEST',
  'subid3' => NULL,
  'utm_source' => NULL,
  'utm_content' => NULL,
  'utm_campaign' => NULL,
  'utm_term' => NULL,
  'utm_medium' => NULL,
)
------------- HTTPCODE -------------
200
------------- RESPONSE -------------
{"response":{"status":"error","code":400,"message":"phone: Invalid phone parameter"}}
--------------- END ----------------

------------------------------------
-------------- BEGIN ---------------
------------------------------------
lucky 03.09.2025 02:13:26 MSK
--------------- DATA ---------------
array (
  'campaign_hash' => '73cae367-7f92-4178-860d-48bb68710fb2',
  'ip' => '109.198.123.218',
  'name' => 'testSophia',
  'phone' => '+998733481012',
  'user_agent' => 'Mozilla/5.0 (Windows NT 10.0; Win64; x64) AppleWebKit/537.36 (KHTML, like Gecko) Chrome/135.0.0.0 Safari/537.36 OPR/120.0.0.0',
  'country' => 'UZ',
  'subid' => '167j36t.1.1uf',
  'subid1' => '{sub1}',
  'subid2' => 'TEST',
  'subid3' => NULL,
  'utm_source' => NULL,
  'utm_content' => NULL,
  'utm_campaign' => NULL,
  'utm_term' => NULL,
  'utm_medium' => NULL,
)
------------- HTTPCODE -------------
200
------------- RESPONSE -------------
{"response":{"status":"error","code":400,"message":"phone: Invalid phone parameter"}}
--------------- END ----------------

------------------------------------
-------------- BEGIN ---------------
------------------------------------
lucky 03.09.2025 13:10:50 MSK
--------------- DATA ---------------
array (
  'campaign_hash' => '73cae367-7f92-4178-860d-48bb68710fb2',
  'ip' => '194.226.3.234',
  'name' => 'Дурслут Погибали',
  'phone' => '+998856667884',
  'user_agent' => 'Mozilla/5.0 (Macintosh; Intel Mac OS X 10_15_7) AppleWebKit/605.1.15 (KHTML, like Gecko) Version/18.1 Safari/605.1.15',
  'country' => 'UZ',
  'subid' => '3121qe1.1.222',
  'subid1' => '{sub1}',
  'subid2' => 'TEST',
  'subid3' => NULL,
  'utm_source' => NULL,
  'utm_content' => NULL,
  'utm_campaign' => NULL,
  'utm_term' => NULL,
  'utm_medium' => NULL,
)
------------- HTTPCODE -------------
200
------------- RESPONSE -------------
{"response":{"status":"error","code":400,"message":"phone: Invalid phone parameter"}}
--------------- END ----------------

------------------------------------
-------------- BEGIN ---------------
------------------------------------
lucky 03.09.2025 13:15:57 MSK
--------------- DATA ---------------
array (
  'campaign_hash' => '73cae367-7f92-4178-860d-48bb68710fb2',
  'ip' => '194.226.3.234',
  'name' => 'ANCA POPESCU',
  'phone' => '+998662372090',
  'user_agent' => 'Mozilla/5.0 (Macintosh; Intel Mac OS X 10_15_7) AppleWebKit/537.36 (KHTML, like Gecko) Chrome/138.0.0.0 Safari/537.36',
  'country' => 'UZ',
  'subid' => 'q27j0m.1.225',
  'subid1' => '{sub1}',
  'subid2' => 'TEST',
  'subid3' => NULL,
  'utm_source' => NULL,
  'utm_content' => NULL,
  'utm_campaign' => NULL,
  'utm_term' => NULL,
  'utm_medium' => NULL,
)
------------- HTTPCODE -------------
200
------------- RESPONSE -------------
{"response":{"status":"error","code":400,"message":"lead_double: The order is already in progress"}}
--------------- END ----------------

