------------------------------------
-------------- BEGIN ---------------
------------------------------------
lucky 14.09.2025 05:20:27 MSK
--------------- DATA ---------------
array (
  'campaign_hash' => '73cae367-7f92-4178-860d-48bb68710fb2',
  'ip' => '188.113.206.129',
  'name' => 'Махмуд',
  'phone' => '+998943396169',
  'user_agent' => 'Mozilla/5.0 (Linux; Android 15; 23021RAAEG Build/AQ3A.240829.003; wv) AppleWebKit/537.36 (KHTML, like Gecko) Version/4.0 Chrome/140.0.7339.97 Mobile Safari/537.36 Instagram 397.0.0.46.81 Android (35/15; 440dpi; 1080x2400; Xiaomi/Redmi; 23021RAAEG; tapas; qcom; ru_RU; 788987619; IABMV/1)',
  'country' => 'UZ',
  'subid' => '3iu6plr.12.2ljj',
  'subid1' => '{sub1}',
  'subid2' => 'FNA',
  'subid3' => NULL,
  'utm_source' => NULL,
  'utm_content' => NULL,
  'utm_campaign' => NULL,
  'utm_term' => NULL,
  'utm_medium' => NULL,
)
------------- HTTPCODE -------------
200
------------- RESPONSE -------------
{"response":{"status":"error","code":400,"message":"lead_double: The order is already in progress"}}
--------------- END ----------------

------------------------------------
-------------- BEGIN ---------------
------------------------------------
lucky 14.09.2025 05:20:44 MSK
--------------- DATA ---------------
array (
  'campaign_hash' => '73cae367-7f92-4178-860d-48bb68710fb2',
  'ip' => '188.113.206.129',
  'name' => 'Махмуд',
  'phone' => '+998943396169',
  'user_agent' => 'Mozilla/5.0 (Linux; Android 15; 23021RAAEG Build/AQ3A.240829.003; wv) AppleWebKit/537.36 (KHTML, like Gecko) Version/4.0 Chrome/140.0.7339.97 Mobile Safari/537.36 Instagram 397.0.0.46.81 Android (35/15; 440dpi; 1080x2400; Xiaomi/Redmi; 23021RAAEG; tapas; qcom; ru_RU; 788987619; IABMV/1)',
  'country' => 'UZ',
  'subid' => '3iu6plr.12.2ljm',
  'subid1' => '{sub1}',
  'subid2' => 'FNA',
  'subid3' => NULL,
  'utm_source' => NULL,
  'utm_content' => NULL,
  'utm_campaign' => NULL,
  'utm_term' => NULL,
  'utm_medium' => NULL,
)
------------- HTTPCODE -------------
200
------------- RESPONSE -------------
{"response":{"status":"error","code":400,"message":"lead_double: The order is already in progress"}}
--------------- END ----------------

------------------------------------
-------------- BEGIN ---------------
------------------------------------
lucky 14.09.2025 05:21:15 MSK
--------------- DATA ---------------
array (
  'campaign_hash' => '73cae367-7f92-4178-860d-48bb68710fb2',
  'ip' => '188.113.206.129',
  'name' => 'Махмуд',
  'phone' => '+998943396169',
  'user_agent' => 'Mozilla/5.0 (Linux; Android 15; 23021RAAEG Build/AQ3A.240829.003; wv) AppleWebKit/537.36 (KHTML, like Gecko) Version/4.0 Chrome/140.0.7339.97 Mobile Safari/537.36 Instagram 397.0.0.46.81 Android (35/15; 440dpi; 1080x2400; Xiaomi/Redmi; 23021RAAEG; tapas; qcom; ru_RU; 788987619; IABMV/1)',
  'country' => 'UZ',
  'subid' => '3iu6plr.12.2ljo',
  'subid1' => '{sub1}',
  'subid2' => 'FNA',
  'subid3' => NULL,
  'utm_source' => NULL,
  'utm_content' => NULL,
  'utm_campaign' => NULL,
  'utm_term' => NULL,
  'utm_medium' => NULL,
)
------------- HTTPCODE -------------
200
------------- RESPONSE -------------
{"response":{"status":"error","code":400,"message":"lead_double: The order is already in progress"}}
--------------- END ----------------

------------------------------------
-------------- BEGIN ---------------
------------------------------------
lucky 14.09.2025 06:33:06 MSK
--------------- DATA ---------------
array (
  'campaign_hash' => '73cae367-7f92-4178-860d-48bb68710fb2',
  'ip' => '95.214.211.209',
  'name' => 'Мамлакат ',
  'phone' => '+998913395511',
  'user_agent' => 'Mozilla/5.0 (Linux; Android 14; SM-A336E Build/UP1A.231005.007; wv) AppleWebKit/537.36 (KHTML, like Gecko) Version/4.0 Chrome/140.0.7339.51 Mobile Safari/537.36 Instagram 396.0.0.46.242 Android (34/14; 450dpi; 1080x2185; samsung; SM-A336E; a33x; s5e8825; ru_RU; 785863971; IABMV/1)',
  'country' => 'UZ',
  'subid' => '3t9e07.12.2lvm',
  'subid1' => '{sub1}',
  'subid2' => 'FNA',
  'subid3' => NULL,
  'utm_source' => NULL,
  'utm_content' => NULL,
  'utm_campaign' => NULL,
  'utm_term' => NULL,
  'utm_medium' => NULL,
)
------------- HTTPCODE -------------
200
------------- RESPONSE -------------
{"response":{"status":"error","code":400,"message":"lead_double: The order is already in progress"}}
--------------- END ----------------

------------------------------------
-------------- BEGIN ---------------
------------------------------------
lucky 14.09.2025 06:33:18 MSK
--------------- DATA ---------------
array (
  'campaign_hash' => '73cae367-7f92-4178-860d-48bb68710fb2',
  'ip' => '95.214.211.209',
  'name' => 'Мамлакат ',
  'phone' => '+998913395511',
  'user_agent' => 'Mozilla/5.0 (Linux; Android 14; SM-A336E Build/UP1A.231005.007; wv) AppleWebKit/537.36 (KHTML, like Gecko) Version/4.0 Chrome/140.0.7339.51 Mobile Safari/537.36 Instagram 396.0.0.46.242 Android (34/14; 450dpi; 1080x2185; samsung; SM-A336E; a33x; s5e8825; ru_RU; 785863971; IABMV/1)',
  'country' => 'UZ',
  'subid' => '3t9e07.12.2lvq',
  'subid1' => '{sub1}',
  'subid2' => 'FNA',
  'subid3' => NULL,
  'utm_source' => NULL,
  'utm_content' => NULL,
  'utm_campaign' => NULL,
  'utm_term' => NULL,
  'utm_medium' => NULL,
)
------------- HTTPCODE -------------
200
------------- RESPONSE -------------
{"response":{"status":"error","code":400,"message":"lead_double: The order is already in progress"}}
--------------- END ----------------

------------------------------------
-------------- BEGIN ---------------
------------------------------------
lucky 14.09.2025 06:33:33 MSK
--------------- DATA ---------------
array (
  'campaign_hash' => '73cae367-7f92-4178-860d-48bb68710fb2',
  'ip' => '95.214.211.209',
  'name' => 'Мамлакат ',
  'phone' => '+998913395511',
  'user_agent' => 'Mozilla/5.0 (Linux; Android 14; SM-A336E Build/UP1A.231005.007; wv) AppleWebKit/537.36 (KHTML, like Gecko) Version/4.0 Chrome/140.0.7339.51 Mobile Safari/537.36 Instagram 396.0.0.46.242 Android (34/14; 450dpi; 1080x2185; samsung; SM-A336E; a33x; s5e8825; ru_RU; 785863971; IABMV/1)',
  'country' => 'UZ',
  'subid' => '3t9e07.12.2lvs',
  'subid1' => '{sub1}',
  'subid2' => 'FNA',
  'subid3' => NULL,
  'utm_source' => NULL,
  'utm_content' => NULL,
  'utm_campaign' => NULL,
  'utm_term' => NULL,
  'utm_medium' => NULL,
)
------------- HTTPCODE -------------
200
------------- RESPONSE -------------
{"response":{"status":"error","code":400,"message":"lead_double: The order is already in progress"}}
--------------- END ----------------

