------------------------------------
-------------- BEGIN ---------------
------------------------------------
lucky 15.09.2025 04:15:19 MSK
--------------- DATA ---------------
array (
  'campaign_hash' => '73cae367-7f92-4178-860d-48bb68710fb2',
  'ip' => '95.214.211.196',
  'name' => 'Атабаев',
  'phone' => '+998902413841',
  'user_agent' => 'Mozilla/5.0 (Linux; Android 15; SM-A336B Build/AP3A.240905.015.A2; wv) AppleWebKit/537.36 (KHTML, like Gecko) Version/4.0 Chrome/139.0.7258.164 Mobile Safari/537.36 [FB_IAB/FB4A;FBAV/529.0.0.44.73;IABMV/1;]',
  'country' => 'UZ',
  'subid' => '3ahih1o.12.2q3a',
  'subid1' => '{sub1}',
  'subid2' => 'FNA',
  'subid3' => NULL,
  'utm_source' => NULL,
  'utm_content' => NULL,
  'utm_campaign' => NULL,
  'utm_term' => NULL,
  'utm_medium' => NULL,
)
------------- HTTPCODE -------------
200
------------- RESPONSE -------------
{"response":{"status":"success","content":{"click_id":"62d5ca67-91d1-11f0-8fe7-005056ae5c76","country":"UZ","is_desktop":false}}}
--------------- END ----------------

------------------------------------
-------------- BEGIN ---------------
------------------------------------
lucky 15.09.2025 08:35:39 MSK
--------------- DATA ---------------
array (
  'campaign_hash' => '73cae367-7f92-4178-860d-48bb68710fb2',
  'ip' => '84.54.71.49',
  'name' => 'Фируза',
  'phone' => '+998977760961',
  'user_agent' => 'Mozilla/5.0 (Linux; Android 15; BRC-NX1 Build/HONORBRC-N21; wv) AppleWebKit/537.36 (KHTML, like Gecko) Version/4.0 Chrome/140.0.7339.97 Mobile Safari/537.36 Instagram 397.1.0.52.81 Android (35/15; 480dpi; 1080x2412; HONOR; BRC-NX1; HNBRC-M1; mt6855; ru_UZ; 790870927; IABMV/1)',
  'country' => 'UZ',
  'subid' => 'ogvkup.12.2qpi',
  'subid1' => '{sub1}',
  'subid2' => 'FNA',
  'subid3' => NULL,
  'utm_source' => NULL,
  'utm_content' => NULL,
  'utm_campaign' => NULL,
  'utm_term' => NULL,
  'utm_medium' => NULL,
)
------------- HTTPCODE -------------
200
------------- RESPONSE -------------
{"response":{"status":"success","content":{"click_id":"bfd9447e-91f5-11f0-94c6-005056aec456","country":"UZ","is_desktop":false}}}
--------------- END ----------------

------------------------------------
-------------- BEGIN ---------------
------------------------------------
lucky 15.09.2025 10:48:44 MSK
--------------- DATA ---------------
array (
  'campaign_hash' => '73cae367-7f92-4178-860d-48bb68710fb2',
  'ip' => '90.156.160.212',
  'name' => 'Ёкут',
  'phone' => '+998909559790',
  'user_agent' => 'Mozilla/5.0 (iPhone; CPU iPhone OS 18_6_2 like Mac OS X) AppleWebKit/605.1.15 (KHTML, like Gecko) Mobile/22G100 Instagram 397.1.0.38.81 (iPhone16,1; iOS 18_6_2; ru_RU; ru; scale=3.00; 960x2079; IABMV/1; 790717060)',
  'country' => 'UZ',
  'subid' => '3a31oa6.12.2r4s',
  'subid1' => '{sub1}',
  'subid2' => 'FNA',
  'subid3' => NULL,
  'utm_source' => NULL,
  'utm_content' => NULL,
  'utm_campaign' => NULL,
  'utm_term' => NULL,
  'utm_medium' => NULL,
)
------------- HTTPCODE -------------
200
------------- RESPONSE -------------
{"response":{"status":"success","content":{"click_id":"57067e30-9208-11f0-94c6-005056aec456","country":"UZ","is_desktop":false}}}
--------------- END ----------------

------------------------------------
-------------- BEGIN ---------------
------------------------------------
lucky 15.09.2025 11:54:42 MSK
--------------- DATA ---------------
array (
  'campaign_hash' => '73cae367-7f92-4178-860d-48bb68710fb2',
  'ip' => '213.230.92.103',
  'name' => 'Азим Бобомуродов.',
  'phone' => '+998912996800',
  'user_agent' => 'Mozilla/5.0 (iPhone; CPU iPhone OS 18_5 like Mac OS X) AppleWebKit/605.1.15 (KHTML, like Gecko) Mobile/22F76 [FBAN/FBIOS;FBAV/530.0.0.59.75;FBBV/790686474;FBDV/iPhone15,3;FBMD/iPhone;FBSN/iOS;FBSV/18.5;FBSS/3;FBID/phone;FBLC/ru_RU;FBOP/5;FBRV/0;IABMV/1]',
  'country' => 'UZ',
  'subid' => 'l590eh.12.2rag',
  'subid1' => '{sub1}',
  'subid2' => 'FNA',
  'subid3' => NULL,
  'utm_source' => NULL,
  'utm_content' => NULL,
  'utm_campaign' => NULL,
  'utm_term' => NULL,
  'utm_medium' => NULL,
)
------------- HTTPCODE -------------
200
------------- RESPONSE -------------
{"response":{"status":"success","content":{"click_id":"8e0aff3f-9211-11f0-94c6-005056aec456","country":"UZ","is_desktop":false}}}
--------------- END ----------------

------------------------------------
-------------- BEGIN ---------------
------------------------------------
lucky 15.09.2025 13:33:45 MSK
--------------- DATA ---------------
array (
  'campaign_hash' => '73cae367-7f92-4178-860d-48bb68710fb2',
  'ip' => '2a05:45c2:4098:d900:58d0:f403:bd1:bbe9',
  'name' => 'Салиева севар',
  'phone' => '+998935418768',
  'user_agent' => 'Mozilla/5.0 (Linux; Android 11; Redmi Note 9S Build/RKQ1.200826.002; wv) AppleWebKit/537.36 (KHTML, like Gecko) Version/4.0 Chrome/140.0.7339.119 Mobile Safari/537.36 [FB_IAB/FB4A;FBAV/530.0.0.48.74;IABMV/1;]',
  'country' => 'UZ',
  'subid' => '3clnepp.12.2rlc',
  'subid1' => '{sub1}',
  'subid2' => 'FNA',
  'subid3' => NULL,
  'utm_source' => NULL,
  'utm_content' => NULL,
  'utm_campaign' => NULL,
  'utm_term' => NULL,
  'utm_medium' => NULL,
)
------------- HTTPCODE -------------
200
------------- RESPONSE -------------
{"response":{"status":"success","content":{"click_id":"64914d01-921f-11f0-94c6-005056aec456","country":"UZ","is_desktop":false}}}
--------------- END ----------------

------------------------------------
-------------- BEGIN ---------------
------------------------------------
lucky 15.09.2025 14:27:09 MSK
--------------- DATA ---------------
array (
  'campaign_hash' => '73cae367-7f92-4178-860d-48bb68710fb2',
  'ip' => '84.54.84.107',
  'name' => 'Сойибжон',
  'phone' => '+998889492323',
  'user_agent' => 'Mozilla/5.0 (Linux; Android 11; 220233L2G Build/RP1A.200720.011; wv) AppleWebKit/537.36 (KHTML, like Gecko) Version/4.0 Chrome/139.0.7258.158 Mobile Safari/537.36 Instagram 397.1.0.52.81 Android (30/11; 320dpi; 720x1449; Xiaomi/Redmi; 220233L2G; dandelion; mt6762; ru_RU; 790870956; IABMV/1)',
  'country' => 'UZ',
  'subid' => '3mv3mra.12.2rnm',
  'subid1' => '{sub1}',
  'subid2' => 'FNA',
  'subid3' => NULL,
  'utm_source' => NULL,
  'utm_content' => NULL,
  'utm_campaign' => NULL,
  'utm_term' => NULL,
  'utm_medium' => NULL,
)
------------- HTTPCODE -------------
200
------------- RESPONSE -------------
{"response":{"status":"success","content":{"click_id":"da14ed07-9226-11f0-94c6-005056aec456","country":"UZ","is_desktop":false}}}
--------------- END ----------------

------------------------------------
-------------- BEGIN ---------------
------------------------------------
lucky 15.09.2025 15:02:08 MSK
--------------- DATA ---------------
array (
  'campaign_hash' => '73cae367-7f92-4178-860d-48bb68710fb2',
  'ip' => '84.54.72.18',
  'name' => 'Раббим',
  'phone' => '+998915298651',
  'user_agent' => 'Mozilla/5.0 (Linux; Android 13; SM-A127F Build/TP1A.220624.014; wv) AppleWebKit/537.36 (KHTML, like Gecko) Version/4.0 Chrome/140.0.7339.51 Mobile Safari/537.36 Instagram 398.0.0.31.77 Android (33/13; 300dpi; 720x1467; samsung; SM-A127F; a12s; exynos850; ru_RU; 791238553; IABMV/1)',
  'country' => 'UZ',
  'subid' => '1dmftef.12.2s7u',
  'subid1' => '{sub1}',
  'subid2' => 'FNA',
  'subid3' => NULL,
  'utm_source' => NULL,
  'utm_content' => NULL,
  'utm_campaign' => NULL,
  'utm_term' => NULL,
  'utm_medium' => NULL,
)
------------- HTTPCODE -------------
200
------------- RESPONSE -------------
{"response":{"status":"success","content":{"click_id":"bebd1066-922b-11f0-8fe7-005056ae5c76","country":"UZ","is_desktop":false}}}
--------------- END ----------------

------------------------------------
-------------- BEGIN ---------------
------------------------------------
lucky 15.09.2025 16:52:02 MSK
--------------- DATA ---------------
array (
  'campaign_hash' => '73cae367-7f92-4178-860d-48bb68710fb2',
  'ip' => '84.54.73.144',
  'name' => 'Жура',
  'phone' => '+998907105820',
  'user_agent' => 'Mozilla/5.0 (Linux; Android 15; SM-A245F Build/AP3A.240905.015.A2; wv) AppleWebKit/537.36 (KHTML, like Gecko) Version/4.0 Chrome/139.0.7258.158 Mobile Safari/537.36 Instagram 397.1.0.52.81 Android (35/15; 450dpi; 1080x2340; samsung; SM-A245F; a24; mt6789; ru_RU; 790870970; IABMV/1)',
  'country' => 'UZ',
  'subid' => '30i72tl.12.2uaf',
  'subid1' => '{sub1}',
  'subid2' => 'FNA',
  'subid3' => NULL,
  'utm_source' => NULL,
  'utm_content' => NULL,
  'utm_campaign' => NULL,
  'utm_term' => NULL,
  'utm_medium' => NULL,
)
------------- HTTPCODE -------------
200
------------- RESPONSE -------------
{"response":{"status":"success","content":{"click_id":"19649ef0-923b-11f0-8fe7-005056ae5c76","country":"UZ","is_desktop":false}}}
--------------- END ----------------

------------------------------------
-------------- BEGIN ---------------
------------------------------------
lucky 15.09.2025 23:05:48 MSK
--------------- DATA ---------------
array (
  'campaign_hash' => '73cae367-7f92-4178-860d-48bb68710fb2',
  'ip' => '91.229.163.72',
  'name' => 'Наргиза',
  'phone' => '+998955851919',
  'user_agent' => 'Mozilla/5.0 (Linux; Android 15; SM-S911B Build/AP3A.240905.015.A2; wv) AppleWebKit/537.36 (KHTML, like Gecko) Version/4.0 Chrome/139.0.7258.160 Mobile Safari/537.36 Instagram 397.1.0.52.81 Android (35/15; 420dpi; 1080x2340; samsung; SM-S911B; dm1q; qcom; ru_RU; 790870970; IABMV/1)',
  'country' => 'UZ',
  'subid' => '1o9e3gl.12.35f8',
  'subid1' => '{sub1}',
  'subid2' => 'FNA',
  'subid3' => NULL,
  'utm_source' => NULL,
  'utm_content' => NULL,
  'utm_campaign' => NULL,
  'utm_term' => NULL,
  'utm_medium' => NULL,
)
------------- HTTPCODE -------------
200
------------- RESPONSE -------------
{"response":{"status":"success","content":{"click_id":"4ecaee57-926f-11f0-94c6-005056aec456","country":"UZ","is_desktop":false}}}
--------------- END ----------------

