------------------------------------
-------------- BEGIN ---------------
------------------------------------
lucky 03.09.2025 02:13:44 MSK
--------------- DATA ---------------
array (
  'campaign_hash' => '73cae367-7f92-4178-860d-48bb68710fb2',
  'ip' => '109.198.123.218',
  'name' => 'testSop123',
  'phone' => '+998918205139',
  'user_agent' => 'Mozilla/5.0 (Windows NT 10.0; Win64; x64) AppleWebKit/537.36 (KHTML, like Gecko) Chrome/135.0.0.0 Safari/537.36 OPR/120.0.0.0',
  'country' => 'UZ',
  'subid' => '167j36t.1.1uh',
  'subid1' => '{sub1}',
  'subid2' => 'TEST',
  'subid3' => NULL,
  'utm_source' => NULL,
  'utm_content' => NULL,
  'utm_campaign' => NULL,
  'utm_term' => NULL,
  'utm_medium' => NULL,
)
------------- HTTPCODE -------------
200
------------- RESPONSE -------------
{"response":{"status":"success","content":{"click_id":"6a25e52c-8852-11f0-8fe7-005056ae5c76","country":"UZ","is_desktop":true}}}
--------------- END ----------------

------------------------------------
-------------- BEGIN ---------------
------------------------------------
lucky 03.09.2025 13:12:16 MSK
--------------- DATA ---------------
array (
  'campaign_hash' => '73cae367-7f92-4178-860d-48bb68710fb2',
  'ip' => '194.226.3.234',
  'name' => 'Дурслут Погибали',
  'phone' => '+998662372090',
  'user_agent' => 'Mozilla/5.0 (Macintosh; Intel Mac OS X 10_15_7) AppleWebKit/605.1.15 (KHTML, like Gecko) Version/18.1 Safari/605.1.15',
  'country' => 'UZ',
  'subid' => '3121qe1.1.222',
  'subid1' => '{sub1}',
  'subid2' => 'TEST',
  'subid3' => NULL,
  'utm_source' => NULL,
  'utm_content' => NULL,
  'utm_campaign' => NULL,
  'utm_term' => NULL,
  'utm_medium' => NULL,
)
------------- HTTPCODE -------------
200
------------- RESPONSE -------------
{"response":{"status":"success","content":{"click_id":"68a4196a-88ae-11f0-8fe7-005056ae5c76","country":"UZ","is_desktop":true}}}
--------------- END ----------------

