------------------------------------
-------------- BEGIN ---------------
------------------------------------
lucky 09.09.2025 14:33:55 MSK
--------------- DATA ---------------
array (
  'campaign_hash' => '73cae367-7f92-4178-860d-48bb68710fb2',
  'ip' => '185.203.239.98',
  'name' => 'Комил к н',
  'phone' => '+998903258028',
  'user_agent' => 'Mozilla/5.0 (iPhone; CPU iPhone OS 18_6_2 like Mac OS X) AppleWebKit/605.1.15 (KHTML, like Gecko) Mobile/22G100 Instagram 396.1.0.47.81 (iPhone16,1; iOS 18_6_2; ru_RU; ru; scale=3.00; 1179x2556; IABMV/1; 787013352)',
  'country' => 'UZ',
  'subid' => 'chsd0h.12.hg4',
  'subid1' => '{sub1}',
  'subid2' => 'FNA',
  'subid3' => NULL,
  'utm_source' => NULL,
  'utm_content' => NULL,
  'utm_campaign' => NULL,
  'utm_term' => NULL,
  'utm_medium' => NULL,
)
------------- HTTPCODE -------------
200
------------- RESPONSE -------------
{"response":{"status":"success","content":{"click_id":"cf8f7ec9-8d70-11f0-8fe7-005056ae5c76","country":"UZ","is_desktop":false}}}
--------------- END ----------------

------------------------------------
-------------- BEGIN ---------------
------------------------------------
lucky 09.09.2025 16:31:24 MSK
--------------- DATA ---------------
array (
  'campaign_hash' => '73cae367-7f92-4178-860d-48bb68710fb2',
  'ip' => '213.230.87.5',
  'name' => 'Мухамаджон',
  'phone' => '+998941580325',
  'user_agent' => 'Mozilla/5.0 (Linux; Android 13; TECNO KJ6 Build/TP1A.220624.014; wv) AppleWebKit/537.36 (KHTML, like Gecko) Version/4.0 Chrome/139.0.7258.158 Mobile Safari/537.36 Instagram 396.0.0.46.242 Android (33/13; 480dpi; 1080x2232; TECNO; TECNO KJ6; TECNO-KJ6; mt6789; ru_RU; 785863863; IABMV/1)',
  'country' => 'UZ',
  'subid' => '82ivi3.12.i4i',
  'subid1' => '{sub1}',
  'subid2' => 'FNA',
  'subid3' => NULL,
  'utm_source' => NULL,
  'utm_content' => NULL,
  'utm_campaign' => NULL,
  'utm_term' => NULL,
  'utm_medium' => NULL,
)
------------- HTTPCODE -------------
200
------------- RESPONSE -------------
{"response":{"status":"success","content":{"click_id":"3909d260-8d81-11f0-8fe7-005056ae5c76","country":"UZ","is_desktop":false}}}
--------------- END ----------------

------------------------------------
-------------- BEGIN ---------------
------------------------------------
lucky 09.09.2025 17:04:01 MSK
--------------- DATA ---------------
array (
  'campaign_hash' => '73cae367-7f92-4178-860d-48bb68710fb2',
  'ip' => '95.214.211.118',
  'name' => 'Gulxan Kurbanbaeva',
  'phone' => '+998906524812',
  'user_agent' => 'Mozilla/5.0 (Linux; Android 15; 2404ARN45A Build/AP3A.240905.015.A2; wv) AppleWebKit/537.36 (KHTML, like Gecko) Version/4.0 Chrome/139.0.7258.87 Mobile Safari/537.36 Instagram 393.1.0.50.76 Android (35/15; 440dpi; 1080x2460; Xiaomi/Redmi; 2404ARN45A; tides; mt6768; ru_RU; 776586868; IABMV/1)',
  'country' => 'UZ',
  'subid' => '3lvdplu.12.ibp',
  'subid1' => '{sub1}',
  'subid2' => 'FNA',
  'subid3' => NULL,
  'utm_source' => NULL,
  'utm_content' => NULL,
  'utm_campaign' => NULL,
  'utm_term' => NULL,
  'utm_medium' => NULL,
)
------------- HTTPCODE -------------
200
------------- RESPONSE -------------
{"response":{"status":"success","content":{"click_id":"c5af500d-8d85-11f0-94c6-005056aec456","country":"UZ","is_desktop":false}}}
--------------- END ----------------

------------------------------------
-------------- BEGIN ---------------
------------------------------------
lucky 09.09.2025 18:29:35 MSK
--------------- DATA ---------------
array (
  'campaign_hash' => '73cae367-7f92-4178-860d-48bb68710fb2',
  'ip' => '213.206.61.164',
  'name' => 'Насима',
  'phone' => '+998908505581',
  'user_agent' => 'Mozilla/5.0 (Linux; Android 14; SM-A725F Build/UP1A.231005.007; wv) AppleWebKit/537.36 (KHTML, like Gecko) Version/4.0 Chrome/139.0.7258.158 Mobile Safari/537.36 Instagram 396.0.0.46.242 Android (34/14; 450dpi; 1080x2179; samsung; SM-A725F; a72q; qcom; ru_RU; 785863896; IABMV/1)',
  'country' => 'UZ',
  'subid' => '3e478n1.12.iuk',
  'subid1' => '{sub1}',
  'subid2' => 'FNA',
  'subid3' => NULL,
  'utm_source' => NULL,
  'utm_content' => NULL,
  'utm_campaign' => NULL,
  'utm_term' => NULL,
  'utm_medium' => NULL,
)
------------- HTTPCODE -------------
200
------------- RESPONSE -------------
{"response":{"status":"success","content":{"click_id":"ba520c95-8d91-11f0-94c6-005056aec456","country":"UZ","is_desktop":false}}}
--------------- END ----------------

------------------------------------
-------------- BEGIN ---------------
------------------------------------
lucky 09.09.2025 19:14:03 MSK
--------------- DATA ---------------
array (
  'campaign_hash' => '73cae367-7f92-4178-860d-48bb68710fb2',
  'ip' => '90.156.162.176',
  'name' => 'Илхом',
  'phone' => '+998947207177',
  'user_agent' => 'Mozilla/5.0 (iPhone; CPU iPhone OS 18_6_2 like Mac OS X) AppleWebKit/605.1.15 (KHTML, like Gecko) Mobile/22G100 [FBAN/FBIOS;FBAV/529.1.0.39.72;FBBV/787592381;FBDV/iPhone17,1;FBMD/iPhone;FBSN/iOS;FBSV/18.6.2;FBSS/3;FBID/phone;FBLC/ru_RU;FBOP/5;FBRV/789261911;IABMV/1]',
  'country' => 'UZ',
  'subid' => '117gv2o.12.j86',
  'subid1' => '{sub1}',
  'subid2' => 'FNA',
  'subid3' => NULL,
  'utm_source' => NULL,
  'utm_content' => NULL,
  'utm_campaign' => NULL,
  'utm_term' => NULL,
  'utm_medium' => NULL,
)
------------- HTTPCODE -------------
200
------------- RESPONSE -------------
{"response":{"status":"success","content":{"click_id":"f1c4c8e1-8d97-11f0-8fe7-005056ae5c76","country":"UZ","is_desktop":false}}}
--------------- END ----------------

------------------------------------
-------------- BEGIN ---------------
------------------------------------
lucky 09.09.2025 20:04:04 MSK
--------------- DATA ---------------
array (
  'campaign_hash' => '73cae367-7f92-4178-860d-48bb68710fb2',
  'ip' => '84.54.122.242',
  'name' => 'Лаззат',
  'phone' => '+998994954484',
  'user_agent' => 'Mozilla/5.0 (Linux; Android 10; SM-G965N Build/QP1A.190711.020; wv) AppleWebKit/537.36 (KHTML, like Gecko) Version/4.0 Chrome/139.0.7258.164 Mobile Safari/537.36 [FB_IAB/FB4A;FBAV/529.0.0.44.73;IABMV/1;]',
  'country' => 'UZ',
  'subid' => 'uqlb5o.12.jk9',
  'subid1' => '{sub1}',
  'subid2' => 'FNA',
  'subid3' => NULL,
  'utm_source' => NULL,
  'utm_content' => NULL,
  'utm_campaign' => NULL,
  'utm_term' => NULL,
  'utm_medium' => NULL,
)
------------- HTTPCODE -------------
200
------------- RESPONSE -------------
{"response":{"status":"success","content":{"click_id":"eea2abe8-8d9e-11f0-8fe7-005056ae5c76","country":"UZ","is_desktop":false}}}
--------------- END ----------------

