------------------------------------
-------------- BEGIN ---------------
------------------------------------
lucky 10.09.2025 05:33:04 MSK
--------------- DATA ---------------
array (
  'campaign_hash' => '73cae367-7f92-4178-860d-48bb68710fb2',
  'ip' => '2a05:45c2:40bc:2f00:5156:d2fd:85ba:72f5',
  'name' => 'Сабирова Шохистахон',
  'phone' => '+998905071301',
  'user_agent' => 'Mozilla/5.0 (Linux; Android 12; SM-G975F Build/SP1A.210812.016; wv) AppleWebKit/537.36 (KHTML, like Gecko) Version/4.0 Chrome/139.0.7258.164 Mobile Safari/537.36 [FB_IAB/FB4A;FBAV/529.0.0.44.73;IABMV/1;]',
  'country' => 'UZ',
  'subid' => '38nu04m.12.m6d',
  'subid1' => '{sub1}',
  'subid2' => 'FNA',
  'subid3' => NULL,
  'utm_source' => NULL,
  'utm_content' => NULL,
  'utm_campaign' => NULL,
  'utm_term' => NULL,
  'utm_medium' => NULL,
)
------------- HTTPCODE -------------
200
------------- RESPONSE -------------
{"response":{"status":"success","content":{"click_id":"6bdcecec-8dee-11f0-8fe7-005056ae5c76","country":"UZ","is_desktop":false}}}
--------------- END ----------------

------------------------------------
-------------- BEGIN ---------------
------------------------------------
lucky 10.09.2025 05:42:15 MSK
--------------- DATA ---------------
array (
  'campaign_hash' => '73cae367-7f92-4178-860d-48bb68710fb2',
  'ip' => '188.113.196.73',
  'name' => 'Жасурбек ',
  'phone' => '+998937815459',
  'user_agent' => 'Mozilla/5.0 (Linux; Android 14; VNE-LX1 Build/HONORVNE-L41CM; wv) AppleWebKit/537.36 (KHTML, like Gecko) Version/4.0 Chrome/139.0.7258.158 Mobile Safari/537.36 [FB_IAB/FB4A;FBAV/518.0.0.63.86;IABMV/1;]',
  'country' => 'UZ',
  'subid' => '31dohq2.12.m92',
  'subid1' => '{sub1}',
  'subid2' => 'FNA',
  'subid3' => NULL,
  'utm_source' => NULL,
  'utm_content' => NULL,
  'utm_campaign' => NULL,
  'utm_term' => NULL,
  'utm_medium' => NULL,
)
------------- HTTPCODE -------------
200
------------- RESPONSE -------------
{"response":{"status":"success","content":{"click_id":"b2309d13-8def-11f0-94c6-005056aec456","country":"UZ","is_desktop":false}}}
--------------- END ----------------

------------------------------------
-------------- BEGIN ---------------
------------------------------------
lucky 10.09.2025 17:05:25 MSK
--------------- DATA ---------------
array (
  'campaign_hash' => '73cae367-7f92-4178-860d-48bb68710fb2',
  'ip' => '2a05:45c2:50cb:1e00:8d3e:8c37:d010:4312',
  'name' => 'Людмила',
  'phone' => '+998909150086',
  'user_agent' => 'Mozilla/5.0 (iPhone; CPU iPhone OS 18_6_2 like Mac OS X) AppleWebKit/605.1.15 (KHTML, like Gecko) Mobile/22G100 [FBAN/FBIOS;FBAV/529.1.0.39.72;FBBV/787592381;FBDV/iPhone17,2;FBMD/iPhone;FBSN/iOS;FBSV/18.6.2;FBSS/3;FBID/phone;FBLC/ru_RU;FBOP/5;FBRV/789833167;IABMV/1]',
  'country' => 'UZ',
  'subid' => '22ngmvg.12.r6f',
  'subid1' => '{sub1}',
  'subid2' => 'FNA',
  'subid3' => NULL,
  'utm_source' => NULL,
  'utm_content' => NULL,
  'utm_campaign' => NULL,
  'utm_term' => NULL,
  'utm_medium' => NULL,
)
------------- HTTPCODE -------------
200
------------- RESPONSE -------------
{"response":{"status":"success","content":{"click_id":"228e2144-8e4f-11f0-94c6-005056aec456","country":"UZ","is_desktop":false}}}
--------------- END ----------------

------------------------------------
-------------- BEGIN ---------------
------------------------------------
lucky 10.09.2025 19:35:24 MSK
--------------- DATA ---------------
array (
  'campaign_hash' => '73cae367-7f92-4178-860d-48bb68710fb2',
  'ip' => '188.113.213.224',
  'name' => 'Абдурахмон Рахмонов',
  'phone' => '+998942418767',
  'user_agent' => 'Mozilla/5.0 (Linux; Android 15; ABR-NX1 Build/HONORABR-N31; wv) AppleWebKit/537.36 (KHTML, like Gecko) Version/4.0 Chrome/139.0.7258.160 Mobile Safari/537.36 [FB_IAB/FB4A;FBAV/529.0.0.44.73;IABMV/1;]',
  'country' => 'UZ',
  'subid' => '1mju34s.12.sjn',
  'subid1' => '{sub1}',
  'subid2' => 'FNA',
  'subid3' => NULL,
  'utm_source' => NULL,
  'utm_content' => NULL,
  'utm_campaign' => NULL,
  'utm_term' => NULL,
  'utm_medium' => NULL,
)
------------- HTTPCODE -------------
200
------------- RESPONSE -------------
{"response":{"status":"success","content":{"click_id":"17ff26d9-8e64-11f0-8fe7-005056ae5c76","country":"UZ","is_desktop":false}}}
--------------- END ----------------

------------------------------------
-------------- BEGIN ---------------
------------------------------------
lucky 10.09.2025 21:15:07 MSK
--------------- DATA ---------------
array (
  'campaign_hash' => '73cae367-7f92-4178-860d-48bb68710fb2',
  'ip' => '90.156.166.255',
  'name' => 'Бахадир',
  'phone' => '+998937317227',
  'user_agent' => 'Mozilla/5.0 (Linux; Android 15; NIC-LX1 Build/HONORNIC-L41; wv) AppleWebKit/537.36 (KHTML, like Gecko) Version/4.0 Chrome/139.0.7258.164 Mobile Safari/537.36 [FB_IAB/FB4A;FBAV/529.0.0.44.73;IABMV/1;]',
  'country' => 'UZ',
  'subid' => 'mbjb2b.12.t0p',
  'subid1' => '{sub1}',
  'subid2' => 'FNA',
  'subid3' => NULL,
  'utm_source' => NULL,
  'utm_content' => NULL,
  'utm_campaign' => NULL,
  'utm_term' => NULL,
  'utm_medium' => NULL,
)
------------- HTTPCODE -------------
200
------------- RESPONSE -------------
{"response":{"status":"success","content":{"click_id":"05a41aef-8e72-11f0-8fe7-005056ae5c76","country":"UZ","is_desktop":false}}}
--------------- END ----------------

